<?xml version="1.0" encoding="UTF-8"?>
<!-- Generated by org.testng.reporters.JUnitReportReporter -->
<testsuite hostname="admin-PC" failures="0" tests="1" name="loginTest.MvnAmicusCloud.LoginTest" time="14.900" errors="0" timestamp="29 Jan 2021 23:15:15 GMT" skipped="0">
  <testcase classname="loginTest.MvnAmicusCloud.LoginTest" name="loginTests" time="14.900"/>
</testsuite> <!-- loginTest.MvnAmicusCloud.LoginTest -->
